[INFO ] 2019-02-24T06:14:32,269 [main] ServerKt - Starting ServerKt on LAPTOP-M661KEM1 with PID 2084 (C:\Personal\samples\cordapp-example\clients\build\classes\kotlin\main started by ideapad in C:\Personal\samples\cordapp-example\clients)
[INFO ] 2019-02-24T06:14:32,632 [main] ServerKt - No active profile set, falling back to default profiles: default
[INFO ] 2019-02-24T06:14:32,817 [main] AnnotationConfigEmbeddedWebApplicationContext - Refreshing org.springframework.boot.context.embedded.AnnotationConfigEmbeddedWebApplicationContext@4364712f: startup date [Sun Feb 24 11:44:32 IST 2019]; root of context hierarchy
[INFO ] 2019-02-24T06:14:35,211 [background-preinit] Version - HV000001: Hibernate Validator 5.3.5.Final
[INFO ] 2019-02-24T06:14:37,952 [main] TomcatEmbeddedServletContainer - Tomcat initialized with port(s): 50005 (http)
[INFO ] 2019-02-24T06:14:38,015 [main] StandardService - Starting service [Tomcat]
[INFO ] 2019-02-24T06:14:38,015 [main] StandardEngine - Starting Servlet Engine: Apache Tomcat/8.5.20
[INFO ] 2019-02-24T06:14:40,183 [localhost-startStop-1] [/] - Initializing Spring embedded WebApplicationContext
[INFO ] 2019-02-24T06:14:40,183 [localhost-startStop-1] ContextLoader - Root WebApplicationContext: initialization completed in 7366 ms
[INFO ] 2019-02-24T06:14:40,983 [localhost-startStop-1] ServletRegistrationBean - Mapping servlet: 'dispatcherServlet' to [/]
[INFO ] 2019-02-24T06:14:40,999 [localhost-startStop-1] FilterRegistrationBean - Mapping filter: 'characterEncodingFilter' to: [/*]
[INFO ] 2019-02-24T06:14:40,999 [localhost-startStop-1] FilterRegistrationBean - Mapping filter: 'hiddenHttpMethodFilter' to: [/*]
[INFO ] 2019-02-24T06:14:40,999 [localhost-startStop-1] FilterRegistrationBean - Mapping filter: 'httpPutFormContentFilter' to: [/*]
[INFO ] 2019-02-24T06:14:40,999 [localhost-startStop-1] FilterRegistrationBean - Mapping filter: 'requestContextFilter' to: [/*]
[INFO ] 2019-02-24T06:14:55,787 [main] RPCClient - Startup took 13185 msec
[INFO ] 2019-02-24T06:14:58,905 [main] RequestMappingHandlerAdapter - Looking for @ControllerAdvice: org.springframework.boot.context.embedded.AnnotationConfigEmbeddedWebApplicationContext@4364712f: startup date [Sun Feb 24 11:44:32 IST 2019]; root of context hierarchy
[INFO ] 2019-02-24T06:14:59,111 [main] RequestMappingHandlerMapping - Mapped "{[/api/trading/me],methods=[GET],produces=[application/json]}" onto public final java.util.Map<java.lang.String, net.corda.core.identity.CordaX500Name> com.example.server.MainController.whoami()
[INFO ] 2019-02-24T06:14:59,111 [main] RequestMappingHandlerMapping - Mapped "{[/api/trading/peers],methods=[GET],produces=[application/json]}" onto public final java.util.Map<java.lang.String, java.util.List<net.corda.core.identity.CordaX500Name>> com.example.server.MainController.getPeers()
[INFO ] 2019-02-24T06:14:59,111 [main] RequestMappingHandlerMapping - Mapped "{[/api/trading/trades],methods=[GET],produces=[application/json]}" onto public final org.springframework.http.ResponseEntity<java.util.List<net.corda.core.contracts.StateAndRef<com.example.state.TradeState>>> com.example.server.MainController.getTrades()
[INFO ] 2019-02-24T06:14:59,111 [main] RequestMappingHandlerMapping - Mapped "{[/api/trading/create-trade],methods=[POST],consumes=[application/x-www-form-urlencoded],produces=[text/plain]}" onto public final org.springframework.http.ResponseEntity<java.lang.String> com.example.server.MainController.createIOU(javax.servlet.http.HttpServletRequest)
[INFO ] 2019-02-24T06:14:59,111 [main] RequestMappingHandlerMapping - Mapped "{[/api/trading/getTrade/{linearID}],methods=[GET],produces=[application/json]}" onto public final org.springframework.http.ResponseEntity<java.util.List<net.corda.core.contracts.StateAndRef<com.example.state.TradeState>>> com.example.server.MainController.getTransactionDetails(java.lang.String)
[INFO ] 2019-02-24T06:14:59,119 [main] RequestMappingHandlerMapping - Mapped "{[/error]}" onto public org.springframework.http.ResponseEntity<java.util.Map<java.lang.String, java.lang.Object>> org.springframework.boot.autoconfigure.web.BasicErrorController.error(javax.servlet.http.HttpServletRequest)
[INFO ] 2019-02-24T06:14:59,121 [main] RequestMappingHandlerMapping - Mapped "{[/error],produces=[text/html]}" onto public org.springframework.web.servlet.ModelAndView org.springframework.boot.autoconfigure.web.BasicErrorController.errorHtml(javax.servlet.http.HttpServletRequest,javax.servlet.http.HttpServletResponse)
[INFO ] 2019-02-24T06:14:59,180 [main] SimpleUrlHandlerMapping - Mapped URL path [/webjars/**] onto handler of type [class org.springframework.web.servlet.resource.ResourceHttpRequestHandler]
[INFO ] 2019-02-24T06:14:59,180 [main] SimpleUrlHandlerMapping - Mapped URL path [/**] onto handler of type [class org.springframework.web.servlet.resource.ResourceHttpRequestHandler]
[INFO ] 2019-02-24T06:14:59,273 [main] SimpleUrlHandlerMapping - Mapped URL path [/**/favicon.ico] onto handler of type [class org.springframework.web.servlet.resource.ResourceHttpRequestHandler]
[INFO ] 2019-02-24T06:14:59,727 [main] WebMvcAutoConfiguration$WelcomePageHandlerMapping - Adding welcome page: class path resource [public/index.html]
[INFO ] 2019-02-24T06:15:00,250 [main] AnnotationMBeanExporter - Registering beans for JMX exposure on startup
[INFO ] 2019-02-24T06:15:00,391 [main] Http11NioProtocol - Initializing ProtocolHandler ["http-nio-50005"]
[INFO ] 2019-02-24T06:15:00,450 [main] Http11NioProtocol - Starting ProtocolHandler ["http-nio-50005"]
[INFO ] 2019-02-24T06:15:00,452 [main] NioSelectorPool - Using a shared selector for servlet write/read
[INFO ] 2019-02-24T06:15:00,593 [main] TomcatEmbeddedServletContainer - Tomcat started on port(s): 50005 (http)
[INFO ] 2019-02-24T06:15:00,633 [main] ServerKt - Started ServerKt in 31.751 seconds (JVM running for 36.138)
[INFO ] 2019-02-24T06:15:25,695 [http-nio-50005-exec-1] [/] - Initializing Spring FrameworkServlet 'dispatcherServlet'
[INFO ] 2019-02-24T06:15:25,710 [http-nio-50005-exec-1] DispatcherServlet - FrameworkServlet 'dispatcherServlet': initialization started
[INFO ] 2019-02-24T06:15:25,811 [http-nio-50005-exec-1] DispatcherServlet - FrameworkServlet 'dispatcherServlet': initialization completed in 101 ms
[INFO ] 2019-02-24T06:52:21,807 [main] ServerKt - Starting ServerKt on LAPTOP-M661KEM1 with PID 19036 (C:\Personal\samples\cordapp-example\clients\build\classes\kotlin\main started by ideapad in C:\Personal\samples\cordapp-example\clients)
[INFO ] 2019-02-24T06:52:21,838 [main] ServerKt - No active profile set, falling back to default profiles: default
[INFO ] 2019-02-24T06:52:22,108 [main] AnnotationConfigEmbeddedWebApplicationContext - Refreshing org.springframework.boot.context.embedded.AnnotationConfigEmbeddedWebApplicationContext@4364712f: startup date [Sun Feb 24 12:22:22 IST 2019]; root of context hierarchy
[INFO ] 2019-02-24T06:52:27,906 [background-preinit] Version - HV000001: Hibernate Validator 5.3.5.Final
[INFO ] 2019-02-24T06:52:34,165 [main] TomcatEmbeddedServletContainer - Tomcat initialized with port(s): 50005 (http)
[INFO ] 2019-02-24T06:52:34,240 [main] StandardService - Starting service [Tomcat]
[INFO ] 2019-02-24T06:52:34,240 [main] StandardEngine - Starting Servlet Engine: Apache Tomcat/8.5.20
[INFO ] 2019-02-24T06:52:36,056 [localhost-startStop-1] [/] - Initializing Spring embedded WebApplicationContext
[INFO ] 2019-02-24T06:52:36,056 [localhost-startStop-1] ContextLoader - Root WebApplicationContext: initialization completed in 13955 ms
[INFO ] 2019-02-24T06:52:36,345 [localhost-startStop-1] ServletRegistrationBean - Mapping servlet: 'dispatcherServlet' to [/]
[INFO ] 2019-02-24T06:52:36,353 [localhost-startStop-1] FilterRegistrationBean - Mapping filter: 'characterEncodingFilter' to: [/*]
[INFO ] 2019-02-24T06:52:36,355 [localhost-startStop-1] FilterRegistrationBean - Mapping filter: 'hiddenHttpMethodFilter' to: [/*]
[INFO ] 2019-02-24T06:52:36,355 [localhost-startStop-1] FilterRegistrationBean - Mapping filter: 'httpPutFormContentFilter' to: [/*]
[INFO ] 2019-02-24T06:52:36,355 [localhost-startStop-1] FilterRegistrationBean - Mapping filter: 'requestContextFilter' to: [/*]
[INFO ] 2019-02-24T06:52:48,026 [main] RPCClient - Startup took 10521 msec
[INFO ] 2019-02-24T06:52:52,627 [main] RequestMappingHandlerAdapter - Looking for @ControllerAdvice: org.springframework.boot.context.embedded.AnnotationConfigEmbeddedWebApplicationContext@4364712f: startup date [Sun Feb 24 12:22:22 IST 2019]; root of context hierarchy
[INFO ] 2019-02-24T06:52:52,839 [main] RequestMappingHandlerMapping - Mapped "{[/api/trading/getTrade],methods=[GET],produces=[application/json]}" onto public final org.springframework.http.ResponseEntity<java.util.List<net.corda.core.contracts.StateAndRef<com.example.state.TradeState>>> com.example.server.MainController.getTransactionDetails(java.lang.String)
[INFO ] 2019-02-24T06:52:52,839 [main] RequestMappingHandlerMapping - Mapped "{[/api/trading/create-trade],methods=[POST],consumes=[application/x-www-form-urlencoded],produces=[text/plain]}" onto public final org.springframework.http.ResponseEntity<java.lang.String> com.example.server.MainController.createIOU(javax.servlet.http.HttpServletRequest)
[INFO ] 2019-02-24T06:52:52,839 [main] RequestMappingHandlerMapping - Mapped "{[/api/trading/peers],methods=[GET],produces=[application/json]}" onto public final java.util.Map<java.lang.String, java.util.List<net.corda.core.identity.CordaX500Name>> com.example.server.MainController.getPeers()
[INFO ] 2019-02-24T06:52:52,847 [main] RequestMappingHandlerMapping - Mapped "{[/api/trading/trades],methods=[GET],produces=[application/json]}" onto public final org.springframework.http.ResponseEntity<java.util.List<net.corda.core.contracts.StateAndRef<com.example.state.TradeState>>> com.example.server.MainController.getTrades()
[INFO ] 2019-02-24T06:52:52,847 [main] RequestMappingHandlerMapping - Mapped "{[/api/trading/me],methods=[GET],produces=[application/json]}" onto public final java.util.Map<java.lang.String, net.corda.core.identity.CordaX500Name> com.example.server.MainController.whoami()
[INFO ] 2019-02-24T06:52:52,849 [main] RequestMappingHandlerMapping - Mapped "{[/error]}" onto public org.springframework.http.ResponseEntity<java.util.Map<java.lang.String, java.lang.Object>> org.springframework.boot.autoconfigure.web.BasicErrorController.error(javax.servlet.http.HttpServletRequest)
[INFO ] 2019-02-24T06:52:52,849 [main] RequestMappingHandlerMapping - Mapped "{[/error],produces=[text/html]}" onto public org.springframework.web.servlet.ModelAndView org.springframework.boot.autoconfigure.web.BasicErrorController.errorHtml(javax.servlet.http.HttpServletRequest,javax.servlet.http.HttpServletResponse)
[INFO ] 2019-02-24T06:52:52,968 [main] SimpleUrlHandlerMapping - Mapped URL path [/webjars/**] onto handler of type [class org.springframework.web.servlet.resource.ResourceHttpRequestHandler]
[INFO ] 2019-02-24T06:52:52,968 [main] SimpleUrlHandlerMapping - Mapped URL path [/**] onto handler of type [class org.springframework.web.servlet.resource.ResourceHttpRequestHandler]
[INFO ] 2019-02-24T06:52:53,041 [main] SimpleUrlHandlerMapping - Mapped URL path [/**/favicon.ico] onto handler of type [class org.springframework.web.servlet.resource.ResourceHttpRequestHandler]
[INFO ] 2019-02-24T06:52:53,092 [main] WebMvcAutoConfiguration$WelcomePageHandlerMapping - Adding welcome page: class path resource [public/index.html]
[INFO ] 2019-02-24T06:52:57,208 [main] AnnotationMBeanExporter - Registering beans for JMX exposure on startup
[INFO ] 2019-02-24T06:52:57,830 [main] Http11NioProtocol - Initializing ProtocolHandler ["http-nio-50005"]
[INFO ] 2019-02-24T06:52:57,943 [main] Http11NioProtocol - Starting ProtocolHandler ["http-nio-50005"]
[INFO ] 2019-02-24T06:52:58,002 [main] NioSelectorPool - Using a shared selector for servlet write/read
[INFO ] 2019-02-24T06:52:58,135 [main] TomcatEmbeddedServletContainer - Tomcat started on port(s): 50005 (http)
[INFO ] 2019-02-24T06:52:58,295 [main] ServerKt - Started ServerKt in 40.11 seconds (JVM running for 45.017)
[INFO ] 2019-02-24T06:53:24,052 [http-nio-50005-exec-1] [/] - Initializing Spring FrameworkServlet 'dispatcherServlet'
[INFO ] 2019-02-24T06:53:24,052 [http-nio-50005-exec-1] DispatcherServlet - FrameworkServlet 'dispatcherServlet': initialization started
[INFO ] 2019-02-24T06:53:24,194 [http-nio-50005-exec-1] DispatcherServlet - FrameworkServlet 'dispatcherServlet': initialization completed in 138 ms
[INFO ] 2019-02-24T09:49:16,352 [main] ServerKt - Starting ServerKt on LAPTOP-M661KEM1 with PID 20128 (C:\Personal\samples\cordapp-example\clients\build\classes\kotlin\main started by ideapad in C:\Personal\samples\cordapp-example\clients)
[INFO ] 2019-02-24T09:49:16,398 [main] ServerKt - No active profile set, falling back to default profiles: default
[INFO ] 2019-02-24T09:49:16,749 [main] AnnotationConfigEmbeddedWebApplicationContext - Refreshing org.springframework.boot.context.embedded.AnnotationConfigEmbeddedWebApplicationContext@4364712f: startup date [Sun Feb 24 15:19:16 IST 2019]; root of context hierarchy
[INFO ] 2019-02-24T09:49:18,791 [background-preinit] Version - HV000001: Hibernate Validator 5.3.5.Final
[INFO ] 2019-02-24T09:49:24,323 [main] TomcatEmbeddedServletContainer - Tomcat initialized with port(s): 50005 (http)
[INFO ] 2019-02-24T09:49:24,338 [main] StandardService - Starting service [Tomcat]
[INFO ] 2019-02-24T09:49:24,354 [main] StandardEngine - Starting Servlet Engine: Apache Tomcat/8.5.20
[INFO ] 2019-02-24T09:49:24,771 [localhost-startStop-1] [/] - Initializing Spring embedded WebApplicationContext
[INFO ] 2019-02-24T09:49:24,771 [localhost-startStop-1] ContextLoader - Root WebApplicationContext: initialization completed in 8038 ms
[INFO ] 2019-02-24T09:49:25,080 [localhost-startStop-1] ServletRegistrationBean - Mapping servlet: 'dispatcherServlet' to [/]
[INFO ] 2019-02-24T09:49:25,090 [localhost-startStop-1] FilterRegistrationBean - Mapping filter: 'characterEncodingFilter' to: [/*]
[INFO ] 2019-02-24T09:49:25,090 [localhost-startStop-1] FilterRegistrationBean - Mapping filter: 'hiddenHttpMethodFilter' to: [/*]
[INFO ] 2019-02-24T09:49:25,090 [localhost-startStop-1] FilterRegistrationBean - Mapping filter: 'httpPutFormContentFilter' to: [/*]
[INFO ] 2019-02-24T09:49:25,090 [localhost-startStop-1] FilterRegistrationBean - Mapping filter: 'requestContextFilter' to: [/*]
[INFO ] 2019-02-24T09:49:33,185 [main] RPCClient - Startup took 6799 msec
[INFO ] 2019-02-24T09:49:36,140 [main] RequestMappingHandlerAdapter - Looking for @ControllerAdvice: org.springframework.boot.context.embedded.AnnotationConfigEmbeddedWebApplicationContext@4364712f: startup date [Sun Feb 24 15:19:16 IST 2019]; root of context hierarchy
[INFO ] 2019-02-24T09:49:36,327 [main] RequestMappingHandlerMapping - Mapped "{[/api/trading/getTrade],methods=[GET],produces=[application/json]}" onto public final org.springframework.http.ResponseEntity<java.util.List<net.corda.core.contracts.StateAndRef<com.example.state.TradeState>>> com.example.server.MainController.getTransactionDetails(java.lang.String)
[INFO ] 2019-02-24T09:49:36,335 [main] RequestMappingHandlerMapping - Mapped "{[/api/trading/me],methods=[GET],produces=[application/json]}" onto public final java.util.Map<java.lang.String, net.corda.core.identity.CordaX500Name> com.example.server.MainController.whoami()
[INFO ] 2019-02-24T09:49:36,335 [main] RequestMappingHandlerMapping - Mapped "{[/api/trading/peers],methods=[GET],produces=[application/json]}" onto public final java.util.Map<java.lang.String, java.util.List<net.corda.core.identity.CordaX500Name>> com.example.server.MainController.getPeers()
[INFO ] 2019-02-24T09:49:36,337 [main] RequestMappingHandlerMapping - Mapped "{[/api/trading/trades],methods=[GET],produces=[application/json]}" onto public final org.springframework.http.ResponseEntity<java.util.List<net.corda.core.contracts.StateAndRef<com.example.state.TradeState>>> com.example.server.MainController.getTrades()
[INFO ] 2019-02-24T09:49:36,337 [main] RequestMappingHandlerMapping - Mapped "{[/api/trading/create-trade],methods=[POST],consumes=[application/x-www-form-urlencoded],produces=[text/plain]}" onto public final org.springframework.http.ResponseEntity<java.lang.String> com.example.server.MainController.createIOU(javax.servlet.http.HttpServletRequest)
[INFO ] 2019-02-24T09:49:36,337 [main] RequestMappingHandlerMapping - Mapped "{[/error]}" onto public org.springframework.http.ResponseEntity<java.util.Map<java.lang.String, java.lang.Object>> org.springframework.boot.autoconfigure.web.BasicErrorController.error(javax.servlet.http.HttpServletRequest)
[INFO ] 2019-02-24T09:49:36,337 [main] RequestMappingHandlerMapping - Mapped "{[/error],produces=[text/html]}" onto public org.springframework.web.servlet.ModelAndView org.springframework.boot.autoconfigure.web.BasicErrorController.errorHtml(javax.servlet.http.HttpServletRequest,javax.servlet.http.HttpServletResponse)
[INFO ] 2019-02-24T09:49:36,388 [main] SimpleUrlHandlerMapping - Mapped URL path [/webjars/**] onto handler of type [class org.springframework.web.servlet.resource.ResourceHttpRequestHandler]
[INFO ] 2019-02-24T09:49:36,388 [main] SimpleUrlHandlerMapping - Mapped URL path [/**] onto handler of type [class org.springframework.web.servlet.resource.ResourceHttpRequestHandler]
[INFO ] 2019-02-24T09:49:36,446 [main] SimpleUrlHandlerMapping - Mapped URL path [/**/favicon.ico] onto handler of type [class org.springframework.web.servlet.resource.ResourceHttpRequestHandler]
[INFO ] 2019-02-24T09:49:36,499 [main] WebMvcAutoConfiguration$WelcomePageHandlerMapping - Adding welcome page: class path resource [public/index.html]
[INFO ] 2019-02-24T09:49:36,752 [main] AnnotationMBeanExporter - Registering beans for JMX exposure on startup
[INFO ] 2019-02-24T09:49:36,782 [main] Http11NioProtocol - Initializing ProtocolHandler ["http-nio-50005"]
[INFO ] 2019-02-24T09:49:36,817 [main] Http11NioProtocol - Starting ProtocolHandler ["http-nio-50005"]
[INFO ] 2019-02-24T09:49:36,821 [main] NioSelectorPool - Using a shared selector for servlet write/read
[INFO ] 2019-02-24T09:49:36,867 [main] TomcatEmbeddedServletContainer - Tomcat started on port(s): 50005 (http)
[INFO ] 2019-02-24T09:49:36,877 [main] ServerKt - Started ServerKt in 24.259 seconds (JVM running for 29.716)
[INFO ] 2019-02-24T09:50:33,494 [http-nio-50005-exec-1] [/] - Initializing Spring FrameworkServlet 'dispatcherServlet'
[INFO ] 2019-02-24T09:50:33,494 [http-nio-50005-exec-1] DispatcherServlet - FrameworkServlet 'dispatcherServlet': initialization started
[INFO ] 2019-02-24T09:50:33,541 [http-nio-50005-exec-1] DispatcherServlet - FrameworkServlet 'dispatcherServlet': initialization completed in 47 ms
[INFO ] 2019-02-24T10:02:03,194 [main] ServerKt - Starting ServerKt on LAPTOP-M661KEM1 with PID 9736 (C:\Personal\samples\cordapp-example\clients\build\classes\kotlin\main started by ideapad in C:\Personal\samples\cordapp-example\clients)
[INFO ] 2019-02-24T10:02:03,213 [main] ServerKt - No active profile set, falling back to default profiles: default
[INFO ] 2019-02-24T10:02:03,529 [main] AnnotationConfigEmbeddedWebApplicationContext - Refreshing org.springframework.boot.context.embedded.AnnotationConfigEmbeddedWebApplicationContext@4364712f: startup date [Sun Feb 24 15:32:03 IST 2019]; root of context hierarchy
[INFO ] 2019-02-24T10:02:05,561 [background-preinit] Version - HV000001: Hibernate Validator 5.3.5.Final
[INFO ] 2019-02-24T10:02:08,848 [main] TomcatEmbeddedServletContainer - Tomcat initialized with port(s): 50005 (http)
[INFO ] 2019-02-24T10:02:08,888 [main] StandardService - Starting service [Tomcat]
[INFO ] 2019-02-24T10:02:08,888 [main] StandardEngine - Starting Servlet Engine: Apache Tomcat/8.5.20
[INFO ] 2019-02-24T10:02:09,673 [localhost-startStop-1] [/] - Initializing Spring embedded WebApplicationContext
[INFO ] 2019-02-24T10:02:09,673 [localhost-startStop-1] ContextLoader - Root WebApplicationContext: initialization completed in 6152 ms
[INFO ] 2019-02-24T10:02:09,904 [localhost-startStop-1] ServletRegistrationBean - Mapping servlet: 'dispatcherServlet' to [/]
[INFO ] 2019-02-24T10:02:09,904 [localhost-startStop-1] FilterRegistrationBean - Mapping filter: 'characterEncodingFilter' to: [/*]
[INFO ] 2019-02-24T10:02:09,920 [localhost-startStop-1] FilterRegistrationBean - Mapping filter: 'hiddenHttpMethodFilter' to: [/*]
[INFO ] 2019-02-24T10:02:09,920 [localhost-startStop-1] FilterRegistrationBean - Mapping filter: 'httpPutFormContentFilter' to: [/*]
[INFO ] 2019-02-24T10:02:09,920 [localhost-startStop-1] FilterRegistrationBean - Mapping filter: 'requestContextFilter' to: [/*]
[INFO ] 2019-02-24T10:02:21,063 [main] RPCClient - Startup took 9642 msec
[INFO ] 2019-02-24T10:02:24,274 [main] RequestMappingHandlerAdapter - Looking for @ControllerAdvice: org.springframework.boot.context.embedded.AnnotationConfigEmbeddedWebApplicationContext@4364712f: startup date [Sun Feb 24 15:32:03 IST 2019]; root of context hierarchy
[INFO ] 2019-02-24T10:02:24,806 [main] RequestMappingHandlerMapping - Mapped "{[/api/trading/create-trade],methods=[POST],consumes=[application/x-www-form-urlencoded],produces=[text/plain]}" onto public final org.springframework.http.ResponseEntity<java.lang.String> com.example.server.MainController.createIOU(javax.servlet.http.HttpServletRequest)
[INFO ] 2019-02-24T10:02:24,810 [main] RequestMappingHandlerMapping - Mapped "{[/api/trading/me],methods=[GET],produces=[application/json]}" onto public final java.util.Map<java.lang.String, net.corda.core.identity.CordaX500Name> com.example.server.MainController.whoami()
[INFO ] 2019-02-24T10:02:24,814 [main] RequestMappingHandlerMapping - Mapped "{[/api/trading/peers],methods=[GET],produces=[application/json]}" onto public final java.util.Map<java.lang.String, java.util.List<net.corda.core.identity.CordaX500Name>> com.example.server.MainController.getPeers()
[INFO ] 2019-02-24T10:02:24,814 [main] RequestMappingHandlerMapping - Mapped "{[/api/trading/trades],methods=[GET],produces=[application/json]}" onto public final org.springframework.http.ResponseEntity<java.util.List<net.corda.core.contracts.StateAndRef<com.example.state.TradeState>>> com.example.server.MainController.getTrades()
[INFO ] 2019-02-24T10:02:24,818 [main] RequestMappingHandlerMapping - Mapped "{[/api/trading/getTrade],methods=[GET],produces=[application/json]}" onto public final org.springframework.http.ResponseEntity<java.util.List<net.corda.core.contracts.StateAndRef<com.example.state.TradeState>>> com.example.server.MainController.getTransactionDetails(java.lang.String)
[INFO ] 2019-02-24T10:02:24,818 [main] RequestMappingHandlerMapping - Mapped "{[/error]}" onto public org.springframework.http.ResponseEntity<java.util.Map<java.lang.String, java.lang.Object>> org.springframework.boot.autoconfigure.web.BasicErrorController.error(javax.servlet.http.HttpServletRequest)
[INFO ] 2019-02-24T10:02:24,818 [main] RequestMappingHandlerMapping - Mapped "{[/error],produces=[text/html]}" onto public org.springframework.web.servlet.ModelAndView org.springframework.boot.autoconfigure.web.BasicErrorController.errorHtml(javax.servlet.http.HttpServletRequest,javax.servlet.http.HttpServletResponse)
[INFO ] 2019-02-24T10:02:24,959 [main] SimpleUrlHandlerMapping - Mapped URL path [/webjars/**] onto handler of type [class org.springframework.web.servlet.resource.ResourceHttpRequestHandler]
[INFO ] 2019-02-24T10:02:24,959 [main] SimpleUrlHandlerMapping - Mapped URL path [/**] onto handler of type [class org.springframework.web.servlet.resource.ResourceHttpRequestHandler]
[INFO ] 2019-02-24T10:02:25,022 [main] SimpleUrlHandlerMapping - Mapped URL path [/**/favicon.ico] onto handler of type [class org.springframework.web.servlet.resource.ResourceHttpRequestHandler]
[INFO ] 2019-02-24T10:02:25,072 [main] WebMvcAutoConfiguration$WelcomePageHandlerMapping - Adding welcome page: class path resource [public/index.html]
[INFO ] 2019-02-24T10:02:25,398 [main] AnnotationMBeanExporter - Registering beans for JMX exposure on startup
[INFO ] 2019-02-24T10:02:25,514 [main] Http11NioProtocol - Initializing ProtocolHandler ["http-nio-50005"]
[INFO ] 2019-02-24T10:02:25,561 [main] Http11NioProtocol - Starting ProtocolHandler ["http-nio-50005"]
[INFO ] 2019-02-24T10:02:25,577 [main] NioSelectorPool - Using a shared selector for servlet write/read
[INFO ] 2019-02-24T10:02:25,671 [main] TomcatEmbeddedServletContainer - Tomcat started on port(s): 50005 (http)
[INFO ] 2019-02-24T10:02:25,742 [main] ServerKt - Started ServerKt in 25.496 seconds (JVM running for 33.346)
[INFO ] 2019-02-24T10:02:50,131 [http-nio-50005-exec-1] [/] - Initializing Spring FrameworkServlet 'dispatcherServlet'
[INFO ] 2019-02-24T10:02:50,131 [http-nio-50005-exec-1] DispatcherServlet - FrameworkServlet 'dispatcherServlet': initialization started
[INFO ] 2019-02-24T10:02:50,216 [http-nio-50005-exec-1] DispatcherServlet - FrameworkServlet 'dispatcherServlet': initialization completed in 85 ms
